\BOOKMARK [1][-]{titlepage.1}{封面}{}% 1
\BOOKMARK [0][-]{section*.1}{摘 要}{}% 2
\BOOKMARK [0][-]{section*.2}{ABSTRACT}{}% 3
\BOOKMARK [1][-]{tableofcontents.1}{目录}{section*.2}% 4
\BOOKMARK [0][-]{chapter.1}{绪论}{}% 5
\BOOKMARK [1][-]{section.1.1}{研究背景及意义}{chapter.1}% 6
\BOOKMARK [1][-]{section.1.2}{研究方法及研究现状}{chapter.1}% 7
\BOOKMARK [1][-]{section.1.3}{论文的主要工作}{chapter.1}% 8
\BOOKMARK [1][-]{section.1.4}{论文的组织结构}{chapter.1}% 9
\BOOKMARK [0][-]{chapter.2}{相关理论研究}{}% 10
\BOOKMARK [1][-]{section.2.1}{控制图概述}{chapter.2}% 11
\BOOKMARK [2][-]{subsection.2.1.1}{传统控制图}{section.2.1}% 12
\BOOKMARK [2][-]{subsection.2.1.2}{累积和控制图}{section.2.1}% 13
\BOOKMARK [2][-]{subsection.2.1.3}{累积和控制图得分函数}{section.2.1}% 14
\BOOKMARK [2][-]{subsection.2.1.4}{累积和控制图的工作原理}{section.2.1}% 15
\BOOKMARK [1][-]{section.2.2}{RAST累积和控制图}{chapter.2}% 16
\BOOKMARK [2][-]{subsection.2.2.1}{AFT模型}{section.2.2}% 17
\BOOKMARK [2][-]{subsection.2.2.2}{RAST模型的得分函数}{section.2.2}% 18
\BOOKMARK [0][-]{chapter.3}{RACUF累积和控制图}{}% 19
\BOOKMARK [1][-]{section.3.1}{RACUF累积和控制图概述}{chapter.3}% 20
\BOOKMARK [2][-]{subsection.3.1.1}{含有治愈情况的生存数据}{section.3.1}% 21
\BOOKMARK [2][-]{subsection.3.1.2}{长期病人的生存时间函数}{section.3.1}% 22
\BOOKMARK [1][-]{section.3.2}{似然方法}{chapter.3}% 23
\BOOKMARK [1][-]{section.3.3}{PT模型}{chapter.3}% 24
\BOOKMARK [1][-]{section.3.4}{服从Weibull分布的生存数据在RACUF累积和控制图的得分函数}{chapter.3}% 25
\BOOKMARK [0][-]{chapter.4}{模拟研究与实际应用}{}% 26
\BOOKMARK [1][-]{section.4.1}{模拟研究}{chapter.4}% 27
\BOOKMARK [2][-]{subsection.4.1.1}{思路}{section.4.1}% 28
\BOOKMARK [2][-]{subsection.4.1.2}{模拟环境}{section.4.1}% 29
\BOOKMARK [2][-]{subsection.4.1.3}{结论}{section.4.1}% 30
\BOOKMARK [0][-]{chapter.5}{实际应用}{}% 31
\BOOKMARK [1][-]{section.5.1}{数据说明与数据处理}{chapter.5}% 32
\BOOKMARK [1][-]{section.5.2}{试验结果与分析}{chapter.5}% 33
\BOOKMARK [0][-]{chapter.6}{总结与展望}{}% 34
\BOOKMARK [1][-]{section.6.1}{论文工作总结}{chapter.6}% 35
\BOOKMARK [1][-]{section.6.2}{研究工作展望}{chapter.6}% 36
\BOOKMARK [0][-]{chapter*.13}{作者攻读学位期间发表的学术论文目录}{}% 37
\BOOKMARK [0][-]{chapter*.14}{致 谢}{}% 38
